[ 2025-01-04 01:05:17,315 ] 23 root - INFO - Logger is successfully set up!
[ 2025-01-04 01:05:20,255 ] 26 root - INFO - Data Ingestion methods Starts
[ 2025-01-04 01:05:21,328 ] 30 root - INFO - Dataset read as pandas Dataframe
[ 2025-01-04 01:05:22,961 ] 34 root - INFO - Train test split
[ 2025-01-04 01:05:24,603 ] 40 root - INFO - Ingestion of Data is completed
[ 2025-01-04 01:05:24,910 ] 73 root - INFO - read train and test data complated
[ 2025-01-04 01:05:24,915 ] 74 root - INFO - Trian data frame head : 
       id  carat        cut color clarity  depth  table     x     y     z  price
0   11504   0.41      Ideal     E    VVS2   60.6   56.0  4.85  4.80  2.93   1181
1   95284   1.23  Very Good     H     VS1   59.9   59.0  6.91  7.01  4.19   7418
2  184777   1.70    Premium     H     VS2   62.0   58.0  7.61  7.66  4.74  12755
3    5419   0.33      Ideal     F    VVS1   61.2   56.0  4.47  4.44  2.73   1020
4   45466   0.33  Very Good     I     SI1   62.1   58.0  4.41  4.45  2.75    445
[ 2025-01-04 01:05:24,920 ] 75 root - INFO - Test data frame head : 
       id  carat        cut color clarity  depth  table     x     y     z  price
0   14868   0.50      Ideal     D     SI1   62.1   57.0  5.05  5.08  3.14   1355
1  165613   2.00  Very Good     G     SI2   59.5   57.0  8.08  8.15  4.89  14691
2   96727   0.27    Premium     E    VVS1   60.5   59.0  4.19  4.16  2.52    844
3  145593   0.32    Premium     I    VVS1   61.2   59.0  4.43  4.44  2.71    707
4  118689   1.19      Ideal     H     SI1   62.5   56.0  6.77  6.81  4.23   5797
[ 2025-01-04 01:05:24,920 ] 76 root - INFO - obtaning preprocessing object
[ 2025-01-04 01:05:24,920 ] 25 root - INFO - Data transformation intilized
[ 2025-01-04 01:05:25,327 ] 89 root - INFO - appling preprcessing object on train and test data
[ 2025-01-04 01:05:25,338 ] 98 root - INFO - pickle file is Saved
[ 2025-01-04 01:05:25,347 ] 22 root - INFO - Spitting dependent and Independent variable from train and test 
[ 2025-01-04 01:05:25,348 ] 50 root - INFO - Error is occerd during the evaluating the model
[ 2025-01-04 01:05:25,348 ] 58 root - INFO - Error is Occered in model training
